# JRE version: OpenJDK Runtime Environment Temurin-21.0.9+10 (21.0.9+10) (build 21.0.9+10-LTS)
# Java VM: OpenJDK 64-Bit Server VM Temurin-21.0.9+10 (21.0.9+10-LTS, mixed mode, sharing, tiered, compressed oops, compressed class ptrs, parallel gc, windows-amd64)
GC Precious Log:
 CardTable entry size: 512
 CPUs: 4 total, 4 available
 Memory: 8103M
 Large Page Support: Disabled
 NUMA Support: Disabled
 Compressed Oops: Enabled (32-bit)
 Alignments: Space 512K, Generation 512K, Heap 2M
 Heap Min Capacity: 100M
 Heap Initial Capacity: 100M
 Heap Max Capacity: 2G
 Pre-touch: Disabled
 Parallel Workers: 4
Heap:
 PSYoungGen      total 5632K, used 4113K [0x00000000d5580000, 0x00000000d5e80000, 0x0000000100000000)
  eden space 4608K, 67% used [0x00000000d5580000,0x00000000d588c700,0x00000000d5a00000)
  from space 1024K, 96% used [0x00000000d5d80000,0x00000000d5e78020,0x00000000d5e80000)
  to   space 1536K, 0% used [0x00000000d5b80000,0x00000000d5b80000,0x00000000d5d00000)
 ParOldGen       total 335872K, used 333128K [0x0000000080000000, 0x0000000094800000, 0x00000000d5580000)
  object space 335872K, 99% used [0x0000000080000000,0x00000000945521c8,0x0000000094800000)
 Metaspace       used 77904K, committed 79552K, reserved 1179648K
  class space    used 7918K, committed 8640K, reserved 1048576K
GC Heap History (20 events):
Event: 234383.628 GC heap before
{Heap before GC invocations=195 (full 4):
 PSYoungGen      total 19456K, used 19403K [0x00000000d5580000, 0x00000000d7200000, 0x0000000100000000)
  eden space 10752K, 100% used [0x00000000d5580000,0x00000000d6000000,0x00000000d6000000)
  from space 8704K, 99% used [0x00000000d6980000,0x00000000d71f2f40,0x00000000d7200000)
  to   space 9216K, 0% used [0x00000000d6000000,0x00000000d6000000,0x00000000d6900000)
 ParOldGen       total 182272K, used 182059K [0x0000000080000000, 0x000000008b200000, 0x00000000d5580000)
  object space 182272K, 99% used [0x0000000080000000,0x000000008b1caed0,0x000000008b200000)
 Metaspace       used 77594K, committed 79296K, reserved 1179648K
  class space    used 7906K, committed 8640K, reserved 1048576K
}
Event: 234383.640 GC heap after
{Heap after GC invocations=195 (full 4):
 PSYoungGen      total 14848K, used 4032K [0x00000000d5580000, 0x00000000d6c00000, 0x0000000100000000)
  eden space 10752K, 0% used [0x00000000d5580000,0x00000000d5580000,0x00000000d6000000)
  from space 4096K, 98% used [0x00000000d6000000,0x00000000d63f01a0,0x00000000d6400000)
  to   space 6144K, 0% used [0x00000000d6600000,0x00000000d6600000,0x00000000d6c00000)
 ParOldGen       total 190976K, used 190614K [0x0000000080000000, 0x000000008ba80000, 0x00000000d5580000)
  object space 190976K, 99% used [0x0000000080000000,0x000000008ba25b88,0x000000008ba80000)
 Metaspace       used 77594K, committed 79296K, reserved 1179648K
  class space    used 7906K, committed 8640K, reserved 1048576K
}
Event: 234384.267 GC heap before
{Heap before GC invocations=196 (full 4):
 PSYoungGen      total 14848K, used 14784K [0x00000000d5580000, 0x00000000d6c00000, 0x0000000100000000)
  eden space 10752K, 100% used [0x00000000d5580000,0x00000000d6000000,0x00000000d6000000)
  from space 4096K, 98% used [0x00000000d6000000,0x00000000d63f01a0,0x00000000d6400000)
  to   space 6144K, 0% used [0x00000000d6600000,0x00000000d6600000,0x00000000d6c00000)
 ParOldGen       total 190976K, used 190614K [0x0000000080000000, 0x000000008ba80000, 0x00000000d5580000)
  object space 190976K, 99% used [0x0000000080000000,0x000000008ba25b88,0x000000008ba80000)
 Metaspace       used 77670K, committed 79360K, reserved 1179648K
  class space    used 7913K, committed 8640K, reserved 1048576K
}
Event: 234384.273 GC heap after
{Heap after GC invocations=196 (full 4):
 PSYoungGen      total 14848K, used 3616K [0x00000000d5580000, 0x00000000d6a00000, 0x0000000100000000)
  eden space 10752K, 0% used [0x00000000d5580000,0x00000000d5580000,0x00000000d6000000)
  from space 4096K, 88% used [0x00000000d6600000,0x00000000d6988200,0x00000000d6a00000)
  to   space 4096K, 0% used [0x00000000d6000000,0x00000000d6000000,0x00000000d6400000)
 ParOldGen       total 193536K, used 193378K [0x0000000080000000, 0x000000008bd00000, 0x00000000d5580000)
  object space 193536K, 99% used [0x0000000080000000,0x000000008bcd8bf8,0x000000008bd00000)
 Metaspace       used 77670K, committed 79360K, reserved 1179648K
  class space    used 7913K, committed 8640K, reserved 1048576K
}
Event: 234385.588 GC heap before
{Heap before GC invocations=197 (full 4):
 PSYoungGen      total 14848K, used 14368K [0x00000000d5580000, 0x00000000d6a00000, 0x0000000100000000)
  eden space 10752K, 100% used [0x00000000d5580000,0x00000000d6000000,0x00000000d6000000)
  from space 4096K, 88% used [0x00000000d6600000,0x00000000d6988200,0x00000000d6a00000)
  to   space 4096K, 0% used [0x00000000d6000000,0x00000000d6000000,0x00000000d6400000)
 ParOldGen       total 193536K, used 193378K [0x0000000080000000, 0x000000008bd00000, 0x00000000d5580000)
  object space 193536K, 99% used [0x0000000080000000,0x000000008bcd8bf8,0x000000008bd00000)
 Metaspace       used 77804K, committed 79488K, reserved 1179648K
  class space    used 7917K, committed 8640K, reserved 1048576K
}
Event: 234385.599 GC heap after
{Heap after GC invocations=197 (full 4):
 PSYoungGen      total 14848K, used 736K [0x00000000d5580000, 0x00000000d6680000, 0x0000000100000000)
  eden space 10752K, 0% used [0x00000000d5580000,0x00000000d5580000,0x00000000d6000000)
  from space 4096K, 17% used [0x00000000d6000000,0x00000000d60b8000,0x00000000d6400000)
  to   space 2048K, 0% used [0x00000000d6480000,0x00000000d6480000,0x00000000d6680000)
 ParOldGen       total 197120K, used 196954K [0x0000000080000000, 0x000000008c080000, 0x00000000d5580000)
  object space 197120K, 99% used [0x0000000080000000,0x000000008c056800,0x000000008c080000)
 Metaspace       used 77804K, committed 79488K, reserved 1179648K
  class space    used 7917K, committed 8640K, reserved 1048576K
}
Event: 234386.050 GC heap before
{Heap before GC invocations=198 (full 4):
 PSYoungGen      total 14848K, used 11488K [0x00000000d5580000, 0x00000000d6680000, 0x0000000100000000)
  eden space 10752K, 100% used [0x00000000d5580000,0x00000000d6000000,0x00000000d6000000)
  from space 4096K, 17% used [0x00000000d6000000,0x00000000d60b8000,0x00000000d6400000)
  to   space 2048K, 0% used [0x00000000d6480000,0x00000000d6480000,0x00000000d6680000)
 ParOldGen       total 197120K, used 196954K [0x0000000080000000, 0x000000008c080000, 0x00000000d5580000)
  object space 197120K, 99% used [0x0000000080000000,0x000000008c056800,0x000000008c080000)
 Metaspace       used 77806K, committed 79488K, reserved 1179648K
  class space    used 7917K, committed 8640K, reserved 1048576K
}
Event: 234386.060 GC heap after
{Heap after GC invocations=198 (full 4):
 PSYoungGen      total 6656K, used 2042K [0x00000000d5580000, 0x00000000d7500000, 0x0000000100000000)
  eden space 4608K, 0% used [0x00000000d5580000,0x00000000d5580000,0x00000000d5a00000)
  from space 2048K, 99% used [0x00000000d6480000,0x00000000d667e8b0,0x00000000d6680000)
  to   space 10752K, 0% used [0x00000000d5a00000,0x00000000d5a00000,0x00000000d6480000)
 ParOldGen       total 204288K, used 203931K [0x0000000080000000, 0x000000008c780000, 0x00000000d5580000)
  object space 204288K, 99% used [0x0000000080000000,0x000000008c726dd0,0x000000008c780000)
 Metaspace       used 77806K, committed 79488K, reserved 1179648K
  class space    used 7917K, committed 8640K, reserved 1048576K
}
Event: 234386.245 GC heap before
{Heap before GC invocations=199 (full 4):
 PSYoungGen      total 6656K, used 6605K [0x00000000d5580000, 0x00000000d7500000, 0x0000000100000000)
  eden space 4608K, 99% used [0x00000000d5580000,0x00000000d59f4b58,0x00000000d5a00000)
  from space 2048K, 99% used [0x00000000d6480000,0x00000000d667e8b0,0x00000000d6680000)
  to   space 10752K, 0% used [0x00000000d5a00000,0x00000000d5a00000,0x00000000d6480000)
 ParOldGen       total 204288K, used 203931K [0x0000000080000000, 0x000000008c780000, 0x00000000d5580000)
  object space 204288K, 99% used [0x0000000080000000,0x000000008c726dd0,0x000000008c780000)
 Metaspace       used 77807K, committed 79488K, reserved 1179648K
  class space    used 7917K, committed 8640K, reserved 1048576K
}
Event: 234386.250 GC heap after
{Heap after GC invocations=199 (full 4):
 PSYoungGen      total 8192K, used 3177K [0x00000000d5580000, 0x00000000d6500000, 0x0000000100000000)
  eden space 4608K, 0% used [0x00000000d5580000,0x00000000d5580000,0x00000000d5a00000)
  from space 3584K, 88% used [0x00000000d5a00000,0x00000000d5d1a710,0x00000000d5d80000)
  to   space 5632K, 0% used [0x00000000d5f80000,0x00000000d5f80000,0x00000000d6500000)
 ParOldGen       total 205824K, used 205741K [0x0000000080000000, 0x000000008c900000, 0x00000000d5580000)
  object space 205824K, 99% used [0x0000000080000000,0x000000008c8eb438,0x000000008c900000)
 Metaspace       used 77807K, committed 79488K, reserved 1179648K
  class space    used 7917K, committed 8640K, reserved 1048576K
}
Event: 234386.306 GC heap before
{Heap before GC invocations=200 (full 4):
 PSYoungGen      total 8192K, used 7785K [0x00000000d5580000, 0x00000000d6500000, 0x0000000100000000)
  eden space 4608K, 100% used [0x00000000d5580000,0x00000000d5a00000,0x00000000d5a00000)
  from space 3584K, 88% used [0x00000000d5a00000,0x00000000d5d1a710,0x00000000d5d80000)
  to   space 5632K, 0% used [0x00000000d5f80000,0x00000000d5f80000,0x00000000d6500000)
 ParOldGen       total 205824K, used 205741K [0x0000000080000000, 0x000000008c900000, 0x00000000d5580000)
  object space 205824K, 99% used [0x0000000080000000,0x000000008c8eb438,0x000000008c900000)
 Metaspace       used 77812K, committed 79488K, reserved 1179648K
  class space    used 7917K, committed 8640K, reserved 1048576K
}
Event: 234386.310 GC heap after
{Heap after GC invocations=200 (full 4):
 PSYoungGen      total 8704K, used 3730K [0x00000000d5580000, 0x00000000d6380000, 0x0000000100000000)
  eden space 4608K, 0% used [0x00000000d5580000,0x00000000d5580000,0x00000000d5a00000)
  from space 4096K, 91% used [0x00000000d5f80000,0x00000000d63248b8,0x00000000d6380000)
  to   space 4096K, 0% used [0x00000000d5b80000,0x00000000d5b80000,0x00000000d5f80000)
 ParOldGen       total 208896K, used 208848K [0x0000000080000000, 0x000000008cc00000, 0x00000000d5580000)
  object space 208896K, 99% used [0x0000000080000000,0x000000008cbf4320,0x000000008cc00000)
 Metaspace       used 77812K, committed 79488K, reserved 1179648K
  class space    used 7917K, committed 8640K, reserved 1048576K
}
Event: 234387.491 GC heap before
{Heap before GC invocations=201 (full 4):
 PSYoungGen      total 8704K, used 8338K [0x00000000d5580000, 0x00000000d6380000, 0x0000000100000000)
  eden space 4608K, 100% used [0x00000000d5580000,0x00000000d5a00000,0x00000000d5a00000)
  from space 4096K, 91% used [0x00000000d5f80000,0x00000000d63248b8,0x00000000d6380000)
  to   space 4096K, 0% used [0x00000000d5b80000,0x00000000d5b80000,0x00000000d5f80000)
 ParOldGen       total 335872K, used 331728K [0x0000000080000000, 0x0000000094800000, 0x00000000d5580000)
  object space 335872K, 98% used [0x0000000080000000,0x00000000943f43e0,0x0000000094800000)
 Metaspace       used 77844K, committed 79488K, reserved 1179648K
  class space    used 7918K, committed 8640K, reserved 1048576K
}
Event: 234387.538 GC heap after
{Heap after GC invocations=201 (full 4):
 PSYoungGen      total 5120K, used 320K [0x00000000d5580000, 0x00000000d6000000, 0x0000000100000000)
  eden space 4608K, 0% used [0x00000000d5580000,0x00000000d5580000,0x00000000d5a00000)
  from space 512K, 62% used [0x00000000d5b80000,0x00000000d5bd0000,0x00000000d5c00000)
  to   space 2048K, 0% used [0x00000000d5e00000,0x00000000d5e00000,0x00000000d6000000)
 ParOldGen       total 335872K, used 332128K [0x0000000080000000, 0x0000000094800000, 0x00000000d5580000)
  object space 335872K, 98% used [0x0000000080000000,0x00000000944583e0,0x0000000094800000)
 Metaspace       used 77844K, committed 79488K, reserved 1179648K
  class space    used 7918K, committed 8640K, reserved 1048576K
}
Event: 234387.911 GC heap before
{Heap before GC invocations=202 (full 4):
 PSYoungGen      total 5120K, used 4928K [0x00000000d5580000, 0x00000000d6000000, 0x0000000100000000)
  eden space 4608K, 100% used [0x00000000d5580000,0x00000000d5a00000,0x00000000d5a00000)
  from space 512K, 62% used [0x00000000d5b80000,0x00000000d5bd0000,0x00000000d5c00000)
  to   space 2048K, 0% used [0x00000000d5e00000,0x00000000d5e00000,0x00000000d6000000)
 ParOldGen       total 335872K, used 332128K [0x0000000080000000, 0x0000000094800000, 0x00000000d5580000)
  object space 335872K, 98% used [0x0000000080000000,0x00000000944583e0,0x0000000094800000)
 Metaspace       used 77865K, committed 79552K, reserved 1179648K
  class space    used 7918K, committed 8640K, reserved 1048576K
}
Event: 234387.915 GC heap after
{Heap after GC invocations=202 (full 4):
 PSYoungGen      total 5120K, used 160K [0x00000000d5580000, 0x00000000d5e80000, 0x0000000100000000)
  eden space 4608K, 0% used [0x00000000d5580000,0x00000000d5580000,0x00000000d5a00000)
  from space 512K, 31% used [0x00000000d5e00000,0x00000000d5e28000,0x00000000d5e80000)
  to   space 512K, 0% used [0x00000000d5b80000,0x00000000d5b80000,0x00000000d5c00000)
 ParOldGen       total 335872K, used 332400K [0x0000000080000000, 0x0000000094800000, 0x00000000d5580000)
  object space 335872K, 98% used [0x0000000080000000,0x000000009449c3e0,0x0000000094800000)
 Metaspace       used 77865K, committed 79552K, reserved 1179648K
  class space    used 7918K, committed 8640K, reserved 1048576K
}
Event: 234389.154 GC heap before
{Heap before GC invocations=203 (full 4):
 PSYoungGen      total 5120K, used 4767K [0x00000000d5580000, 0x00000000d5e80000, 0x0000000100000000)
  eden space 4608K, 99% used [0x00000000d5580000,0x00000000d59ffe80,0x00000000d5a00000)
  from space 512K, 31% used [0x00000000d5e00000,0x00000000d5e28000,0x00000000d5e80000)
  to   space 512K, 0% used [0x00000000d5b80000,0x00000000d5b80000,0x00000000d5c00000)
 ParOldGen       total 335872K, used 332400K [0x0000000080000000, 0x0000000094800000, 0x00000000d5580000)
  object space 335872K, 98% used [0x0000000080000000,0x000000009449c3e0,0x0000000094800000)
 Metaspace       used 77877K, committed 79552K, reserved 1179648K
  class space    used 7918K, committed 8640K, reserved 1048576K
}
Event: 234389.156 GC heap after
{Heap after GC invocations=203 (full 4):
 PSYoungGen      total 5120K, used 512K [0x00000000d5580000, 0x00000000d5e80000, 0x0000000100000000)
  eden space 4608K, 0% used [0x00000000d5580000,0x00000000d5580000,0x00000000d5a00000)
  from space 512K, 100% used [0x00000000d5b80000,0x00000000d5c00000,0x00000000d5c00000)
  to   space 1024K, 0% used [0x00000000d5d80000,0x00000000d5d80000,0x00000000d5e80000)
 ParOldGen       total 335872K, used 332730K [0x0000000080000000, 0x0000000094800000, 0x00000000d5580000)
  object space 335872K, 99% used [0x0000000080000000,0x00000000944eeb18,0x0000000094800000)
 Metaspace       used 77877K, committed 79552K, reserved 1179648K
  class space    used 7918K, committed 8640K, reserved 1048576K
}
Event: 234389.760 GC heap before
{Heap before GC invocations=204 (full 4):
 PSYoungGen      total 5120K, used 5120K [0x00000000d5580000, 0x00000000d5e80000, 0x0000000100000000)
  eden space 4608K, 100% used [0x00000000d5580000,0x00000000d5a00000,0x00000000d5a00000)
  from space 512K, 100% used [0x00000000d5b80000,0x00000000d5c00000,0x00000000d5c00000)
  to   space 1024K, 0% used [0x00000000d5d80000,0x00000000d5d80000,0x00000000d5e80000)
 ParOldGen       total 335872K, used 332730K [0x0000000080000000, 0x0000000094800000, 0x00000000d5580000)
  object space 335872K, 99% used [0x0000000080000000,0x00000000944eeb18,0x0000000094800000)
 Metaspace       used 77884K, committed 79552K, reserved 1179648K
  class space    used 7918K, committed 8640K, reserved 1048576K
}
Event: 234389.763 GC heap after
{Heap after GC invocations=204 (full 4):
 PSYoungGen      total 5632K, used 992K [0x00000000d5580000, 0x00000000d5e80000, 0x0000000100000000)
  eden space 4608K, 0% used [0x00000000d5580000,0x00000000d5580000,0x00000000d5a00000)
  from space 1024K, 96% used [0x00000000d5d80000,0x00000000d5e78020,0x00000000d5e80000)
  to   space 1536K, 0% used [0x00000000d5b80000,0x00000000d5b80000,0x00000000d5d00000)
 ParOldGen       total 335872K, used 333128K [0x0000000080000000, 0x0000000094800000, 0x00000000d5580000)
  object space 335872K, 99% used [0x0000000080000000,0x00000000945521c8,0x0000000094800000)
 Metaspace       used 77884K, committed 79552K, reserved 1179648K
  class space    used 7918K, committed 8640K, reserved 1048576K
}

